2018-05-23 16:08:00,624 INFO Starting training process...
2018-05-23 16:08:00,624 INFO Epochs:150, timesteps_number:200, step_len:200 ms, batch size:16 samples
2018-05-23 16:08:00,624 INFO Running training for subject 1...
2018-05-24 03:04:35,934 DEBUG Best results from epoch 57, saved in file ../weights/db1_batchsize16/weights--subject:1--epoch:57-acc:0.91-val_acc:0.81.hdf5
2018-05-24 03:04:35,948 DEBUG Saving history in a picke file...
2018-05-24 03:07:34,689 INFO Train Accuracy = 0.8619103773584905
2018-05-24 03:08:44,432 INFO Test Accuracy = 0.8063684609552692
2018-05-24 03:08:44,432 INFO Running training for subject 2...
2018-05-24 18:43:30,405 DEBUG Best results from epoch 86, saved in file ../weights/db1_batchsize16/weights--subject:2--epoch:86-acc:0.91-val_acc:0.81.hdf5
2018-05-24 18:43:30,427 DEBUG Saving history in a picke file...
2018-05-24 18:46:36,170 INFO Train Accuracy = 0.8711943793631829
2018-05-24 18:47:47,148 INFO Test Accuracy = 0.795924620678035
2018-05-24 18:47:47,148 INFO Running training for subject 3...
2018-05-25 03:43:23,662 DEBUG Best results from epoch 44, saved in file ../weights/db1_batchsize16/weights--subject:3--epoch:44-acc:0.87-val_acc:0.74.hdf5
2018-05-25 03:43:23,662 DEBUG Saving history in a picke file...
2018-05-25 03:46:21,053 INFO Train Accuracy = 0.8347568208636762
2018-05-25 03:47:29,414 INFO Test Accuracy = 0.7456976029868498
2018-05-25 03:47:29,414 INFO Running training for subject 4...
2018-05-25 12:21:30,733 DEBUG Best results from epoch 47, saved in file ../weights/db1_batchsize16/weights--subject:4--epoch:47-acc:0.85-val_acc:0.64.hdf5
2018-05-25 12:21:30,742 DEBUG Saving history in a picke file...
2018-05-25 12:24:30,343 INFO Train Accuracy = 0.7980171844028355
2018-05-25 12:25:57,727 INFO Test Accuracy = 0.6605624591041188
2018-05-25 12:25:57,727 INFO Running training for subject 5...
2018-05-25 20:49:22,178 DEBUG Best results from epoch 42, saved in file ../weights/db1_batchsize16/weights--subject:5--epoch:42-acc:0.84-val_acc:0.69.hdf5
2018-05-25 20:49:22,178 DEBUG Saving history in a picke file...
2018-05-25 20:52:13,063 INFO Train Accuracy = 0.7956155349437236
2018-05-25 20:53:20,733 INFO Test Accuracy = 0.7393182168749036
2018-05-25 20:53:20,733 INFO Running training for subject 6...
2018-05-26 00:36:30,279 DEBUG Best results from epoch 9, saved in file ../weights/db1_batchsize16/weights--subject:6--epoch:09-acc:0.74-val_acc:0.70.hdf5
2018-05-26 00:36:30,279 DEBUG Saving history in a picke file...
2018-05-26 00:39:14,591 INFO Train Accuracy = 0.8072595511989443
2018-05-26 00:40:25,704 INFO Test Accuracy = 0.6957857770148097
2018-05-26 00:40:25,704 INFO Running training for subject 7...
2018-05-26 09:58:43,892 DEBUG Best results from epoch 48, saved in file ../weights/db1_batchsize16/weights--subject:7--epoch:48-acc:0.91-val_acc:0.82.hdf5
2018-05-26 09:58:43,892 DEBUG Saving history in a picke file...
2018-05-26 10:01:39,221 INFO Train Accuracy = 0.8500178976469173
2018-05-26 10:02:46,999 INFO Test Accuracy = 0.7671908726579717
2018-05-26 10:02:46,999 INFO Running training for subject 8...
2018-05-26 18:38:46,775 DEBUG Best results from epoch 46, saved in file ../weights/db1_batchsize16/weights--subject:8--epoch:46-acc:0.90-val_acc:0.78.hdf5
2018-05-26 18:38:46,775 DEBUG Saving history in a picke file...
2018-05-26 18:41:33,854 INFO Train Accuracy = 0.8585573729472463
2018-05-26 18:42:42,026 INFO Test Accuracy = 0.7999078624078624
2018-05-26 18:42:42,026 INFO Running training for subject 9...
2018-05-27 05:55:18,409 DEBUG Best results from epoch 63, saved in file ../weights/db1_batchsize16/weights--subject:9--epoch:63-acc:0.90-val_acc:0.80.hdf5
2018-05-27 05:55:18,409 DEBUG Saving history in a picke file...
2018-05-27 05:58:10,760 INFO Train Accuracy = 0.8647798742138365
2018-05-27 05:59:18,666 INFO Test Accuracy = 0.7936117936117936
2018-05-27 05:59:18,666 INFO Running training for subject 10...
2018-05-27 15:40:26,973 DEBUG Best results from epoch 55, saved in file ../weights/db1_batchsize16/weights--subject:10--epoch:55-acc:0.85-val_acc:0.73.hdf5
2018-05-27 15:40:26,973 DEBUG Saving history in a picke file...
2018-05-27 15:43:12,640 INFO Train Accuracy = 0.8131533928910853
2018-05-27 15:44:26,820 INFO Test Accuracy = 0.7784667417591831
2018-05-27 15:44:26,820 INFO Running training for subject 11...
2018-05-28 05:15:09,535 DEBUG Best results from epoch 77, saved in file ../weights/db1_batchsize16/weights--subject:11--epoch:77-acc:0.88-val_acc:0.74.hdf5
2018-05-28 05:15:09,536 DEBUG Saving history in a picke file...
2018-05-28 05:18:07,897 INFO Train Accuracy = 0.7706352001948579
2018-05-28 05:19:16,341 INFO Test Accuracy = 0.7450351359426811
2018-05-28 05:19:16,341 INFO Running training for subject 12...
2018-05-28 12:28:34,092 DEBUG Best results from epoch 34, saved in file ../weights/db1_batchsize16/weights--subject:12--epoch:34-acc:0.87-val_acc:0.75.hdf5
2018-05-28 12:28:34,097 DEBUG Saving history in a picke file...
2018-05-28 12:31:21,428 INFO Train Accuracy = 0.8474629688255425
2018-05-28 12:32:36,572 INFO Test Accuracy = 0.7696621338364855
2018-05-29 09:02:04,747 INFO Running training for subject 13...
2018-05-29 20:13:01,022 DEBUG Best results from epoch 60, saved in file ../weights/db1_batchsize16/weights--subject:13--epoch:60-acc:0.90-val_acc:0.75.hdf5
2018-05-29 20:13:01,022 DEBUG Saving history in a picke file...
2018-05-29 20:15:51,031 INFO Train Accuracy = 0.8384223137033244
2018-05-29 20:16:59,316 INFO Test Accuracy = 0.767523722087421
2018-05-29 20:16:59,316 INFO Running training for subject 14...
2018-05-29 20:17:01,160 DEBUG Using pre-trained weights... resuming from epoch 43
2018-05-30 01:49:27,307 DEBUG Best results from epoch 65, saved in file ../weights/db1_batchsize16/weights--subject:14--epoch:65-acc:0.88-val_acc:0.73.hdf5
2018-05-30 01:49:27,307 DEBUG Saving history in a picke file...
2018-05-30 01:52:15,001 INFO Train Accuracy = 0.8209133858267716
2018-05-30 01:53:30,918 INFO Test Accuracy = 0.7694448309779349
2018-05-30 01:53:30,918 INFO Running training for subject 15...
2018-05-30 07:36:28,153 DEBUG Best results from epoch 22, saved in file ../weights/db1_batchsize16/weights--subject:15--epoch:22-acc:0.83-val_acc:0.69.hdf5
2018-05-30 07:36:28,153 DEBUG Saving history in a picke file...
2018-05-30 07:39:20,664 INFO Train Accuracy = 0.8138853270084406
2018-05-30 07:40:39,737 INFO Test Accuracy = 0.7068690096481413
2018-05-30 07:40:39,737 INFO Running training for subject 16...
2018-05-31 11:53:32,306 INFO Starting training process...
2018-05-31 11:53:32,306 INFO Epochs:150, timesteps_number:200, step_len:200 ms, batch size:16 samples
2018-05-31 11:53:32,306 INFO Running training for subject 16...
2018-05-31 11:53:36,513 DEBUG Using pre-trained weights... resuming from epoch 68
2018-05-31 11:53:45,073 INFO Starting training process...
2018-05-31 11:53:45,074 INFO Epochs:150, timesteps_number:200, step_len:200 ms, batch size:16 samples
2018-05-31 11:53:45,074 INFO Running training for subject 16...
2018-05-31 11:53:48,534 DEBUG Using pre-trained weights... resuming from epoch 68
2018-05-31 17:12:44,451 DEBUG Best results from epoch 88, saved in file ../weights/db1_batchsize16/weights--subject:16--epoch:88-acc:0.87-val_acc:0.78.hdf5
2018-05-31 17:12:44,451 DEBUG Saving history in a picke file...
2018-05-31 17:15:34,314 INFO Train Accuracy = 0.8291061314947057
2018-05-31 17:16:43,018 INFO Test Accuracy = 0.781934306569343
2018-05-31 17:16:43,018 INFO Running training for subject 17...
2018-05-31 17:16:44,885 DEBUG Using pre-trained weights... resuming from epoch 30
2018-05-31 21:46:35,046 DEBUG Best results from epoch 42, saved in file ../weights/db1_batchsize16/weights--subject:17--epoch:42-acc:0.83-val_acc:0.76.hdf5
2018-05-31 21:46:35,047 DEBUG Saving history in a picke file...
2018-05-31 21:49:35,276 INFO Train Accuracy = 0.8180228491489858
2018-05-31 21:50:43,905 INFO Test Accuracy = 0.7854077254315229
2018-05-31 21:50:43,905 INFO Running training for subject 18...
2018-05-31 21:50:45,959 DEBUG Using pre-trained weights... resuming from epoch 15
2018-06-01 02:35:35,137 DEBUG Best results from epoch 15, saved in file ../weights/db1_batchsize16/weights--subject:18--epoch:15-acc:0.70-val_acc:0.65.hdf5
2018-06-01 02:35:35,137 DEBUG Saving history in a picke file...
2018-06-01 02:38:24,020 INFO Train Accuracy = 0.7244128823439993
2018-06-01 02:39:39,909 INFO Test Accuracy = 0.6423813488759367
2018-06-01 02:39:39,909 INFO Running training for subject 19...
2018-06-01 02:39:41,934 DEBUG Using pre-trained weights... resuming from epoch 27
2018-06-01 10:04:06,102 DEBUG Best results from epoch 63, saved in file ../weights/db1_batchsize16/weights--subject:19--epoch:63-acc:0.86-val_acc:0.72.hdf5
2018-06-01 10:04:06,102 DEBUG Saving history in a picke file...
2018-06-01 10:07:00,754 INFO Train Accuracy = 0.8166760422787195
2018-06-01 10:08:20,209 INFO Test Accuracy = 0.7177287581699346
2018-06-01 10:08:20,209 INFO Running training for subject 20...
2018-06-01 18:23:11,654 DEBUG Best results from epoch 37, saved in file ../weights/db1_batchsize16/weights--subject:20--epoch:37-acc:0.86-val_acc:0.72.hdf5
2018-06-01 18:23:11,654 DEBUG Saving history in a picke file...
2018-06-01 18:26:12,771 INFO Train Accuracy = 0.8183374660526627
2018-06-01 18:27:22,775 INFO Test Accuracy = 0.7984401284600092
2018-06-01 18:27:22,775 INFO Running training for subject 21...
2018-06-02 05:28:32,458 DEBUG Best results from epoch 58, saved in file ../weights/db1_batchsize16/weights--subject:21--epoch:58-acc:0.91-val_acc:0.83.hdf5
2018-06-02 05:28:32,458 DEBUG Saving history in a picke file...
2018-06-02 05:31:32,069 INFO Train Accuracy = 0.8628584778926465
2018-06-02 05:32:40,902 INFO Test Accuracy = 0.8362226277372263
2018-06-02 05:32:40,902 INFO Running training for subject 22...
2018-06-02 13:24:41,348 DEBUG Best results from epoch 38, saved in file ../weights/db1_batchsize16/weights--subject:22--epoch:38-acc:0.86-val_acc:0.73.hdf5
2018-06-02 13:24:41,349 DEBUG Saving history in a picke file...
2018-06-02 13:27:29,386 INFO Train Accuracy = 0.8213972705646676
2018-06-02 13:28:47,108 INFO Test Accuracy = 0.8023208743357141
2018-06-02 13:28:47,108 INFO Running training for subject 23...
2018-06-02 19:32:25,731 DEBUG Best results from epoch 26, saved in file ../weights/db1_batchsize16/weights--subject:23--epoch:26-acc:0.80-val_acc:0.68.hdf5
2018-06-02 19:32:25,731 DEBUG Saving history in a picke file...
2018-06-02 19:35:14,571 INFO Train Accuracy = 0.771425004692517
2018-06-02 19:36:31,453 INFO Test Accuracy = 0.6694531999451829
2018-06-02 19:36:31,453 INFO Running training for subject 24...
2018-06-03 07:28:55,319 DEBUG Best results from epoch 67, saved in file ../weights/db1_batchsize16/weights--subject:24--epoch:67-acc:0.92-val_acc:0.75.hdf5
2018-06-03 07:28:55,319 DEBUG Saving history in a picke file...
2018-06-03 07:31:44,040 INFO Train Accuracy = 0.8170390192295724
2018-06-03 07:33:01,400 INFO Test Accuracy = 0.7815080546462941
2018-06-03 07:33:01,401 INFO Running training for subject 25...
2018-06-03 13:38:59,074 DEBUG Best results from epoch 24, saved in file ../weights/db1_batchsize16/weights--subject:25--epoch:24-acc:0.84-val_acc:0.76.hdf5
2018-06-03 13:38:59,074 DEBUG Saving history in a picke file...
2018-06-03 13:41:57,361 INFO Train Accuracy = 0.8376007586533902
2018-06-03 13:43:06,969 INFO Test Accuracy = 0.7691374867363954
2018-06-03 13:43:06,969 INFO Running training for subject 26...
2018-06-04 05:56:44,000 DEBUG Best results from epoch 99, saved in file ../weights/db1_batchsize16/weights--subject:26--epoch:99-acc:0.90-val_acc:0.82.hdf5
2018-06-04 05:56:44,000 DEBUG Saving history in a picke file...
2018-06-04 05:59:38,484 INFO Train Accuracy = 0.8728302796528448
2018-06-04 06:00:47,561 INFO Test Accuracy = 0.8148091835364466
2018-06-04 06:00:47,561 INFO Running training for subject 27...
2018-06-04 16:03:19,793 DEBUG Best results from epoch 59, saved in file ../weights/db1_batchsize16/weights--subject:27--epoch:59-acc:0.91-val_acc:0.66.hdf5
2018-06-04 16:03:19,798 DEBUG Saving history in a picke file...
2018-06-04 16:06:01,804 INFO Train Accuracy = 0.8023731048121292
2018-06-04 16:07:29,348 INFO Test Accuracy = 0.6988545387216148
