2018-06-11 03:57:37,992 INFO Starting training process...
2018-06-11 03:57:37,993 INFO Epochs:150, timesteps_number:10000, step_len:200 ms, batch size:16 samples
2018-06-11 03:57:37,993 INFO Running training for subject 2...
2018-06-11 04:02:48,503 INFO Starting training process...
2018-06-11 04:02:48,503 INFO Epochs:150, timesteps_number:10000, step_len:200 ms, batch size:16 samples
2018-06-11 04:02:48,504 INFO Running training for subject 2...
2018-06-15 02:51:08,494 INFO Starting training process...
2018-06-15 02:51:08,495 INFO Epochs:150, timesteps_number:1250, step_len:200 ms, batch size:16 samples
2018-06-15 02:51:08,495 INFO Running training for subject 4...
2018-06-15 04:02:52,329 DEBUG Best results from epoch 61, saved in file ../weights/db3_batchsize16/weights--subject:4--epoch:61-acc:0.7751-val_acc:0.5369.hdf5
2018-06-15 04:02:52,329 DEBUG Saving history in a picke file...
2018-06-15 04:03:16,577 INFO Train Accuracy = 0.6488960073218167
2018-06-15 04:03:28,414 INFO Test Accuracy = 0.5241217798874026
2018-06-15 04:03:28,414 INFO Running training for subject 5...
2018-06-15 04:43:12,432 DEBUG Best results from epoch 25, saved in file ../weights/db3_batchsize16/weights--subject:5--epoch:25-acc:0.5930-val_acc:0.4449.hdf5
2018-06-15 04:43:12,432 DEBUG Saving history in a picke file...
2018-06-15 04:43:36,538 INFO Train Accuracy = 0.5779511299801827
2018-06-15 04:43:48,437 INFO Test Accuracy = 0.38452602230483274
2018-06-15 04:43:48,437 INFO Running training for subject 6...
2018-06-15 05:55:03,407 DEBUG Best results from epoch 61, saved in file ../weights/db3_batchsize16/weights--subject:6--epoch:61-acc:0.5648-val_acc:0.3525.hdf5
2018-06-15 05:55:03,407 DEBUG Saving history in a picke file...
2018-06-15 05:55:27,487 INFO Train Accuracy = 0.5064695009242144
2018-06-15 05:55:39,600 INFO Test Accuracy = 0.3804372842347526
2018-06-15 05:55:39,600 INFO Running training for subject 7...
2018-06-15 06:45:26,473 DEBUG Best results from epoch 38, saved in file ../weights/db3_batchsize16/weights--subject:7--epoch:38-acc:0.3258-val_acc:0.2874.hdf5
2018-06-15 06:45:26,473 DEBUG Saving history in a picke file...
2018-06-15 06:45:49,738 INFO Train Accuracy = 0.3325064966026953
2018-06-15 06:46:01,501 INFO Test Accuracy = 0.2790371582145361
2018-06-15 06:46:01,502 INFO Running training for subject 8...
2018-06-15 08:01:40,338 DEBUG Best results from epoch 67, saved in file ../weights/db3_batchsize16/weights--subject:8--epoch:67-acc:0.7957-val_acc:0.5851.hdf5
2018-06-15 08:01:40,338 DEBUG Saving history in a picke file...
2018-06-15 08:02:04,127 INFO Train Accuracy = 0.6828584772913548
2018-06-15 08:02:15,757 INFO Test Accuracy = 0.5449330785078482
2018-06-15 08:02:15,757 INFO Running training for subject 9...
2018-06-15 09:20:26,655 DEBUG Best results from epoch 70, saved in file ../weights/db3_batchsize16/weights--subject:9--epoch:70-acc:0.8583-val_acc:0.6517.hdf5
2018-06-15 09:20:26,655 DEBUG Saving history in a picke file...
2018-06-15 09:20:50,388 INFO Train Accuracy = 0.7378731343283582
2018-06-15 09:21:01,941 INFO Test Accuracy = 0.6665868263544437
2018-06-15 09:21:01,941 INFO Running training for subject 10...
