2018-05-15 15:52:02,025 INFO Starting training process...
2018-05-15 15:52:02,025 INFO Epochs:100, timesteps_number:20, step_len:100 ms, batch size:16 samples
2018-05-15 15:52:02,025 INFO Running training for subject 1...
2018-05-15 17:09:09,795 DEBUG Best results from epoch 17, saved in file ../weights/db1_batchsize16/weights--subject:1--epoch:17-acc:0.81-val_acc:0.75.hdf5
2018-05-15 17:09:09,806 DEBUG Saving history in a picke file...
2018-05-15 17:09:52,090 INFO Train Accuracy = 0.7610752498010435
2018-05-15 17:10:07,426 INFO Test Accuracy = 0.7166805734748699
2018-05-15 17:10:07,427 INFO Running training for subject 2...
2018-05-15 20:07:44,237 DEBUG Best results from epoch 42, saved in file ../weights/db1_batchsize16/weights--subject:2--epoch:42-acc:0.82-val_acc:0.75.hdf5
2018-05-15 20:07:44,237 DEBUG Saving history in a picke file...
2018-05-15 20:08:22,762 INFO Train Accuracy = 0.7960618846694796
2018-05-15 20:08:37,520 INFO Test Accuracy = 0.7374293138159901
2018-05-15 20:08:37,520 INFO Running training for subject 3...
2018-05-15 21:50:26,961 DEBUG Best results from epoch 29, saved in file ../weights/db1_batchsize16/weights--subject:3--epoch:29-acc:0.80-val_acc:0.71.hdf5
2018-05-15 21:50:26,961 DEBUG Saving history in a picke file...
2018-05-15 21:51:05,029 INFO Train Accuracy = 0.743592782437842
2018-05-15 21:51:19,797 INFO Test Accuracy = 0.6950327301052932
2018-05-15 21:51:19,797 INFO Running training for subject 4...
2018-05-15 23:30:00,640 DEBUG Best results from epoch 33, saved in file ../weights/db1_batchsize16/weights--subject:4--epoch:33-acc:0.75-val_acc:0.65.hdf5
2018-05-15 23:30:00,640 DEBUG Saving history in a picke file...
2018-05-15 23:30:37,862 INFO Train Accuracy = 0.6802872022433823
2018-05-15 23:30:52,794 INFO Test Accuracy = 0.6269944270600507
2018-05-15 23:30:52,794 INFO Running training for subject 5...
2018-05-16 02:31:33,227 DEBUG Best results from epoch 94, saved in file ../weights/db1_batchsize16/weights--subject:5--epoch:94-acc:0.82-val_acc:0.64.hdf5
2018-05-16 02:31:33,227 DEBUG Saving history in a picke file...
2018-05-16 02:32:08,959 INFO Train Accuracy = 0.7225976333238159
2018-05-16 02:32:25,169 INFO Test Accuracy = 0.6757994083253946
2018-05-16 02:32:25,169 INFO Running training for subject 6...
2018-05-16 04:01:06,118 DEBUG Best results from epoch 11, saved in file ../weights/db1_batchsize16/weights--subject:6--epoch:11-acc:0.76-val_acc:0.63.hdf5
2018-05-16 04:01:06,118 DEBUG Saving history in a picke file...
2018-05-16 04:01:42,619 INFO Train Accuracy = 0.6801134769553894
2018-05-16 04:01:57,221 INFO Test Accuracy = 0.6455221022261264
2018-05-16 04:01:57,221 INFO Running training for subject 7...
2018-05-16 05:20:20,362 DEBUG Best results from epoch 22, saved in file ../weights/db1_batchsize16/weights--subject:7--epoch:22-acc:0.85-val_acc:0.73.hdf5
2018-05-16 05:20:20,362 DEBUG Saving history in a picke file...
2018-05-16 05:20:57,008 INFO Train Accuracy = 0.7995801084197662
2018-05-16 05:21:13,756 INFO Test Accuracy = 0.7489714755569914
2018-05-16 05:21:13,757 INFO Running training for subject 8...
2018-05-16 07:26:35,819 DEBUG Best results from epoch 49, saved in file ../weights/db1_batchsize16/weights--subject:8--epoch:49-acc:0.87-val_acc:0.75.hdf5
2018-05-16 07:26:35,828 DEBUG Saving history in a picke file...
2018-05-16 07:27:12,168 INFO Train Accuracy = 0.786747490297957
2018-05-16 07:27:27,965 INFO Test Accuracy = 0.7315406976744186
2018-05-16 07:27:27,965 INFO Running training for subject 9...
2018-05-16 08:32:09,366 DEBUG Best results from epoch 14, saved in file ../weights/db1_batchsize16/weights--subject:9--epoch:14-acc:0.78-val_acc:0.69.hdf5
2018-05-16 08:32:09,366 DEBUG Saving history in a picke file...
2018-05-16 08:32:48,675 INFO Train Accuracy = 0.7319559561981971
2018-05-16 08:33:04,255 INFO Test Accuracy = 0.7034054302898611
2018-05-16 08:33:04,255 INFO Running training for subject 10...
2018-05-16 10:23:01,941 DEBUG Best results from epoch 34, saved in file ../weights/db1_batchsize16/weights--subject:10--epoch:34-acc:0.80-val_acc:0.73.hdf5
2018-05-16 10:23:01,941 DEBUG Saving history in a picke file...
2018-05-16 10:23:40,106 INFO Train Accuracy = 0.7568074222425069
2018-05-16 10:23:57,390 INFO Test Accuracy = 0.6935246762421567
2018-05-16 10:23:57,390 INFO Running training for subject 11...
2018-05-16 12:08:42,852 DEBUG Best results from epoch 36, saved in file ../weights/db1_batchsize16/weights--subject:11--epoch:36-acc:0.80-val_acc:0.63.hdf5
2018-05-16 12:08:42,852 DEBUG Saving history in a picke file...
2018-05-16 12:09:19,651 INFO Train Accuracy = 0.710710741766213
2018-05-16 12:09:36,816 INFO Test Accuracy = 0.7020320568907533
2018-05-16 12:09:36,816 INFO Running training for subject 12...
2018-05-16 14:15:46,786 DEBUG Best results from epoch 45, saved in file ../weights/db1_batchsize16/weights--subject:12--epoch:45-acc:0.81-val_acc:0.71.hdf5
2018-05-16 14:15:46,786 DEBUG Saving history in a picke file...
2018-05-16 14:16:26,796 INFO Train Accuracy = 0.7515871576130105
2018-05-16 14:16:43,006 INFO Test Accuracy = 0.7033052094230545
2018-05-16 14:16:43,006 INFO Running training for subject 13...
2018-05-16 16:05:37,446 DEBUG Best results from epoch 38, saved in file ../weights/db1_batchsize16/weights--subject:13--epoch:38-acc:0.82-val_acc:0.72.hdf5
2018-05-16 16:05:37,446 DEBUG Saving history in a picke file...
2018-05-16 16:06:13,457 INFO Train Accuracy = 0.7564265312674839
2018-05-16 16:06:29,620 INFO Test Accuracy = 0.729927007303494
2018-05-16 16:56:44,692 INFO Running training for subject 15...
2018-05-16 19:40:06,718 DEBUG Best results from epoch 47, saved in file ../weights/db1_batchsize16/weights--subject:15--epoch:47-acc:0.78-val_acc:0.65.hdf5
2018-05-16 19:40:06,718 DEBUG Saving history in a picke file...
2018-05-16 19:40:44,191 INFO Train Accuracy = 0.7106717425790477
2018-05-16 19:41:02,005 INFO Test Accuracy = 0.7024662939822427
2018-05-16 19:41:02,006 INFO Running training for subject 16...
2018-05-16 21:06:06,847 DEBUG Best results from epoch 25, saved in file ../weights/db1_batchsize16/weights--subject:16--epoch:25-acc:0.78-val_acc:0.72.hdf5
2018-05-16 21:06:06,847 DEBUG Saving history in a picke file...
2018-05-16 21:06:44,533 INFO Train Accuracy = 0.7638948465034259
2018-05-16 21:06:59,621 INFO Test Accuracy = 0.7175049992308875
2018-05-16 21:06:59,621 INFO Running training for subject 17...
2018-05-16 23:11:50,980 DEBUG Best results from epoch 46, saved in file ../weights/db1_batchsize16/weights--subject:17--epoch:46-acc:0.82-val_acc:0.70.hdf5
2018-05-16 23:11:51,002 DEBUG Saving history in a picke file...
2018-05-16 23:12:29,052 INFO Train Accuracy = 0.7657968514125513
2018-05-16 23:12:46,511 INFO Test Accuracy = 0.7394805717897066
2018-05-16 23:12:46,511 INFO Running training for subject 18...
2018-05-17 02:04:06,994 DEBUG Best results from epoch 72, saved in file ../weights/db1_batchsize16/weights--subject:18--epoch:72-acc:0.82-val_acc:0.63.hdf5
2018-05-17 02:04:07,015 DEBUG Saving history in a picke file...
2018-05-17 02:04:44,420 INFO Train Accuracy = 0.7049442286000752
2018-05-17 02:05:01,566 INFO Test Accuracy = 0.6442953020134228
2018-05-17 02:05:01,566 INFO Running training for subject 19...
2018-05-17 04:01:10,150 DEBUG Best results from epoch 29, saved in file ../weights/db1_batchsize16/weights--subject:19--epoch:29-acc:0.79-val_acc:0.71.hdf5
2018-05-17 04:01:10,150 DEBUG Saving history in a picke file...
2018-05-17 04:01:47,910 INFO Train Accuracy = 0.763081802071629
2018-05-17 04:02:04,621 INFO Test Accuracy = 0.6815396267824542
2018-05-17 04:02:04,621 INFO Running training for subject 20...
2018-05-17 05:51:01,654 DEBUG Best results from epoch 35, saved in file ../weights/db1_batchsize16/weights--subject:20--epoch:35-acc:0.81-val_acc:0.69.hdf5
2018-05-17 05:51:01,667 DEBUG Saving history in a picke file...
2018-05-17 05:51:40,933 INFO Train Accuracy = 0.7097640117994101
2018-05-17 05:51:56,281 INFO Test Accuracy = 0.7063960168609122
2018-05-17 05:51:56,281 INFO Running training for subject 21...
2018-05-17 09:11:38,445 DEBUG Best results from epoch 41, saved in file ../weights/db1_batchsize16/weights--subject:21--epoch:41-acc:0.85-val_acc:0.77.hdf5
2018-05-17 09:11:38,445 DEBUG Saving history in a picke file...
2018-05-17 09:12:17,851 INFO Train Accuracy = 0.8193161893629456
2018-05-17 09:12:33,073 INFO Test Accuracy = 0.7762428842685707
2018-05-17 09:12:33,073 INFO Running training for subject 22...
2018-05-17 12:20:44,747 DEBUG Best results from epoch 77, saved in file ../weights/db1_batchsize16/weights--subject:22--epoch:77-acc:0.88-val_acc:0.74.hdf5
2018-05-17 12:20:44,760 DEBUG Saving history in a picke file...
2018-05-17 12:21:22,641 INFO Train Accuracy = 0.7766180830039525
2018-05-17 12:21:41,950 INFO Test Accuracy = 0.6899548140548358
2018-05-17 12:21:41,950 INFO Running training for subject 23...
2018-05-17 14:00:20,113 DEBUG Best results from epoch 28, saved in file ../weights/db1_batchsize16/weights--subject:23--epoch:28-acc:0.76-val_acc:0.66.hdf5
2018-05-17 14:00:20,126 DEBUG Saving history in a picke file...
2018-05-17 14:00:58,923 INFO Train Accuracy = 0.6883647423664122
2018-05-17 14:01:13,986 INFO Test Accuracy = 0.6576597206320128
2018-05-17 14:01:13,986 INFO Running training for subject 24...
2018-05-17 16:17:37,621 DEBUG Best results from epoch 53, saved in file ../weights/db1_batchsize16/weights--subject:24--epoch:53-acc:0.87-val_acc:0.77.hdf5
2018-05-17 16:17:37,621 DEBUG Saving history in a picke file...
2018-05-17 16:18:14,910 INFO Train Accuracy = 0.8041614906832298
2018-05-17 16:18:31,989 INFO Test Accuracy = 0.7556416530723219
2018-05-17 16:18:31,989 INFO Running training for subject 25...
2018-05-17 18:13:17,582 DEBUG Best results from epoch 33, saved in file ../weights/db1_batchsize16/weights--subject:25--epoch:33-acc:0.83-val_acc:0.74.hdf5
2018-05-17 18:13:17,582 DEBUG Saving history in a picke file...
2018-05-17 18:13:57,055 INFO Train Accuracy = 0.7807627444598952
2018-05-17 18:14:12,418 INFO Test Accuracy = 0.7348352233807748
2018-05-17 18:14:12,418 INFO Running training for subject 26...
2018-05-17 19:31:42,571 DEBUG Best results from epoch 22, saved in file ../weights/db1_batchsize16/weights--subject:26--epoch:22-acc:0.83-val_acc:0.77.hdf5
2018-05-17 19:31:42,572 DEBUG Saving history in a picke file...
2018-05-17 19:32:19,720 INFO Train Accuracy = 0.8044417992658057
2018-05-17 19:32:36,450 INFO Test Accuracy = 0.7756814871332455
2018-05-17 19:32:36,450 INFO Running training for subject 27...
2018-05-17 22:42:53,465 INFO Starting training process...
2018-05-17 22:42:53,465 INFO Epochs:100, timesteps_number:20, step_len:100 ms, batch size:16 samples
2018-05-17 22:42:53,465 INFO Running training for subject 27...
2018-05-18 00:50:30,118 DEBUG Best results from epoch 37, saved in file ../weights/db1_batchsize16/weights--subject:27--epoch:37-acc:0.77-val_acc:0.66.hdf5
2018-05-18 00:50:30,118 DEBUG Saving history in a picke file...
2018-05-18 00:51:08,022 INFO Train Accuracy = 0.7232912676392493
2018-05-18 00:51:22,701 INFO Test Accuracy = 0.6439237307603951
2018-05-18 13:57:09,686 INFO Epochs:100, timesteps_number:20, step_len:100 ms, batch size:16 samples
2018-05-18 13:57:09,686 INFO Running training for subject 14...
2018-05-18 13:57:12,880 DEBUG Using pre-trained weights... resuming from epoch 19
2018-05-18 15:54:11,526 DEBUG Best results from epoch 60, saved in file ../weights/db1_batchsize16/weights--subject:14--epoch:60-acc:0.82-val_acc:0.65.hdf5
2018-05-18 15:54:11,526 DEBUG Saving history in a picke file...
2018-05-18 15:54:50,058 INFO Train Accuracy = 0.7025563454712741
2018-05-18 15:55:04,997 INFO Test Accuracy = 0.6835259010098724
