2018-06-16 18:33:44,682 INFO Starting training process...
2018-06-16 18:33:44,682 INFO Epochs:150, timesteps_number:1250, step_len:200 ms, batch size:16 samples
2018-06-16 18:33:44,682 INFO Running training for subject 1...
2018-06-16 19:14:14,933 DEBUG Best results from epoch 40, saved in file ../weights/db3_batchsize16/weights--subject:1--epoch:40-acc:0.7632-val_acc:0.6420.hdf5
2018-06-16 19:14:14,933 DEBUG Saving history in a picke file...
2018-06-16 19:14:33,355 INFO Train Accuracy = 0.6996551207211587
2018-06-16 19:14:42,479 INFO Test Accuracy = 0.5961188599151
2018-06-10 23:40:32,406 INFO Starting training process...
2018-06-10 23:40:32,406 INFO Epochs:150, timesteps_number:1250, step_len:200 ms, batch size:16 samples
2018-06-10 23:40:32,406 INFO Running training for subject 2...
2018-06-11 00:49:04,415 DEBUG Best results from epoch 61, saved in file ../weights/db3_batchsize16/weights--subject:2--epoch:61-acc:0.7827-val_acc:0.6110.hdf5
2018-06-11 00:49:04,415 DEBUG Saving history in a picke file...
2018-06-11 00:49:28,251 INFO Train Accuracy = 0.7233356369500116
2018-06-11 00:49:39,613 INFO Test Accuracy = 0.618541767348534
2018-06-15 02:51:08,494 INFO Starting training process...
2018-06-15 02:51:08,495 INFO Epochs:150, timesteps_number:1250, step_len:200 ms, batch size:16 samples
2018-06-16 19:50:19,822 INFO Running training for subject 3...
2018-06-16 19:50:31,171 DEBUG Using pre-trained weights... resuming from epoch 1
2018-06-16 21:09:31,704 DEBUG Best results from epoch 71, saved in file ../weights/db3_batchsize16/weights--subject:3--epoch:71-acc:0.8549-val_acc:0.6914.hdf5
2018-06-16 21:09:31,705 DEBUG Saving history in a picke file...
2018-06-16 21:09:55,602 INFO Train Accuracy = 0.7845335799191759
2018-06-16 21:10:07,113 INFO Test Accuracy = 0.6944111297673303

2018-06-15 02:51:08,495 INFO Running training for subject 4...
2018-06-15 04:02:52,329 DEBUG Best results from epoch 61, saved in file ../weights/db3_batchsize16/weights--subject:4--epoch:61-acc:0.7751-val_acc:0.5369.hdf5
2018-06-15 04:02:52,329 DEBUG Saving history in a picke file...
2018-06-15 04:03:16,577 INFO Train Accuracy = 0.6488960073218167
2018-06-15 04:03:28,414 INFO Test Accuracy = 0.5241217798874026
2018-06-15 04:03:28,414 INFO Running training for subject 5...
2018-06-15 04:43:12,432 DEBUG Best results from epoch 25, saved in file ../weights/db3_batchsize16/weights--subject:5--epoch:25-acc:0.5930-val_acc:0.4449.hdf5
2018-06-15 04:43:12,432 DEBUG Saving history in a picke file...
2018-06-15 04:43:36,538 INFO Train Accuracy = 0.5779511299801827
2018-06-15 04:43:48,437 INFO Test Accuracy = 0.38452602230483274
2018-06-15 04:43:48,437 INFO Running training for subject 6...
2018-06-15 05:55:03,407 DEBUG Best results from epoch 61, saved in file ../weights/db3_batchsize16/weights--subject:6--epoch:61-acc:0.5648-val_acc:0.3525.hdf5
2018-06-15 05:55:03,407 DEBUG Saving history in a picke file...
2018-06-15 05:55:27,487 INFO Train Accuracy = 0.5064695009242144
2018-06-15 05:55:39,600 INFO Test Accuracy = 0.3804372842347526
2018-06-15 05:55:39,600 INFO Running training for subject 7...
2018-06-15 06:45:26,473 DEBUG Best results from epoch 38, saved in file ../weights/db3_batchsize16/weights--subject:7--epoch:38-acc:0.3258-val_acc:0.2874.hdf5
2018-06-15 06:45:26,473 DEBUG Saving history in a picke file...
2018-06-15 06:45:49,738 INFO Train Accuracy = 0.3325064966026953
2018-06-15 06:46:01,501 INFO Test Accuracy = 0.2790371582145361
2018-06-15 06:46:01,502 INFO Running training for subject 8...
2018-06-15 08:01:40,338 DEBUG Best results from epoch 67, saved in file ../weights/db3_batchsize16/weights--subject:8--epoch:67-acc:0.7957-val_acc:0.5851.hdf5
2018-06-15 08:01:40,338 DEBUG Saving history in a picke file...
2018-06-15 08:02:04,127 INFO Train Accuracy = 0.6828584772913548
2018-06-15 08:02:15,757 INFO Test Accuracy = 0.5449330785078482
2018-06-15 08:02:15,757 INFO Running training for subject 9...
2018-06-15 09:20:26,655 DEBUG Best results from epoch 70, saved in file ../weights/db3_batchsize16/weights--subject:9--epoch:70-acc:0.8583-val_acc:0.6517.hdf5
2018-06-15 09:20:26,655 DEBUG Saving history in a picke file...
2018-06-15 09:20:50,388 INFO Train Accuracy = 0.7378731343283582
2018-06-15 09:21:01,941 INFO Test Accuracy = 0.6665868263544437
2018-06-16 12:59:53,393 INFO Starting training process...
2018-06-16 12:59:53,394 INFO Epochs:150, timesteps_number:1250, step_len:200 ms, batch size:16 samples
2018-06-16 12:59:53,394 INFO Running training for subject 10...
2018-06-16 13:00:05,464 DEBUG Using pre-trained weights... resuming from epoch 13
2018-06-16 13:38:28,300 DEBUG Best results from epoch 44, saved in file ../weights/db3_batchsize16/weights--subject:10--epoch:44-acc:0.5712-val_acc:0.4218.hdf5
2018-06-16 13:38:28,300 DEBUG Saving history in a picke file...
2018-06-16 13:38:48,661 INFO Train Accuracy = 0.5511524464233591
2018-06-16 13:38:58,623 INFO Test Accuracy = 0.3296612503524655
2018-06-16 13:38:58,623 INFO Running training for subject 11...
2018-06-16 14:42:30,600 INFO Starting training process...
2018-06-16 14:42:30,600 INFO Epochs:150, timesteps_number:1250, step_len:200 ms, batch size:16 samples
2018-06-16 14:42:30,601 INFO Running training for subject 11...
2018-06-16 15:59:46,059 DEBUG Best results from epoch 68, saved in file ../weights/db3_batchsize16/weights--subject:11--epoch:68-acc:0.8684-val_acc:0.6230.hdf5
2018-06-16 15:59:46,059 DEBUG Saving history in a picke file...
2018-06-16 16:00:10,081 INFO Train Accuracy = 0.725189960866844
2018-06-16 16:00:21,535 INFO Test Accuracy = 0.6735976789168279

Results for 11 subjects - Test accuracy: 51.7452% +- 14.2604%
